d:\projekti\bloxcraft\minecraftclone\x64\debug\vc143.pdb
d:\projekti\bloxcraft\minecraftclone\x64\debug\vc143.idb
d:\projekti\bloxcraft\minecraftclone\x64\debug\glad.obj
d:\projekti\bloxcraft\minecraftclone\x64\debug\shader.obj
d:\projekti\bloxcraft\minecraftclone\x64\debug\camera.obj
d:\projekti\bloxcraft\minecraftclone\x64\debug\main.obj
d:\projekti\bloxcraft\minecraftclone\x64\debug\mouse.obj
d:\projekti\bloxcraft\minecraftclone\x64\debug\keyboard.obj
d:\projekti\bloxcraft\minecraftclone\x64\debug\stb.obj
d:\projekti\bloxcraft\x64\debug\minecraftclone.exe
d:\projekti\bloxcraft\x64\debug\minecraftclone.pdb
d:\projekti\bloxcraft\minecraftclone\x64\debug\minecraftclone.ilk
d:\projekti\bloxcraft\minecraftclone\x64\debug\minecraftclone.tlog\cl.command.1.tlog
d:\projekti\bloxcraft\minecraftclone\x64\debug\minecraftclone.tlog\cl.items.tlog
d:\projekti\bloxcraft\minecraftclone\x64\debug\minecraftclone.tlog\cl.read.1.tlog
d:\projekti\bloxcraft\minecraftclone\x64\debug\minecraftclone.tlog\cl.write.1.tlog
d:\projekti\bloxcraft\minecraftclone\x64\debug\minecraftclone.tlog\link.command.1.tlog
d:\projekti\bloxcraft\minecraftclone\x64\debug\minecraftclone.tlog\link.read.1.tlog
d:\projekti\bloxcraft\minecraftclone\x64\debug\minecraftclone.tlog\link.secondary.1.tlog
d:\projekti\bloxcraft\minecraftclone\x64\debug\minecraftclone.tlog\link.write.1.tlog
