d:\projekti\bloxcraft\minecraftclone\x64\release\vc143.pdb
d:\projekti\bloxcraft\minecraftclone\x64\release\glad.obj
d:\projekti\bloxcraft\minecraftclone\x64\release\shader.obj
d:\projekti\bloxcraft\minecraftclone\x64\release\camera.obj
d:\projekti\bloxcraft\minecraftclone\x64\release\main.obj
d:\projekti\bloxcraft\minecraftclone\x64\release\mouse.obj
d:\projekti\bloxcraft\minecraftclone\x64\release\keyboard.obj
d:\projekti\bloxcraft\minecraftclone\x64\release\stb.obj
d:\projekti\bloxcraft\x64\release\minecraftclone.exe
d:\projekti\bloxcraft\x64\release\minecraftclone.pdb
d:\projekti\bloxcraft\minecraftclone\x64\release\minecraftclone.ipdb
d:\projekti\bloxcraft\minecraftclone\x64\release\minecraftclone.iobj
d:\projekti\bloxcraft\minecraftclone\x64\release\minecraftclone.tlog\cl.command.1.tlog
d:\projekti\bloxcraft\minecraftclone\x64\release\minecraftclone.tlog\cl.items.tlog
d:\projekti\bloxcraft\minecraftclone\x64\release\minecraftclone.tlog\cl.read.1.tlog
d:\projekti\bloxcraft\minecraftclone\x64\release\minecraftclone.tlog\cl.write.1.tlog
d:\projekti\bloxcraft\minecraftclone\x64\release\minecraftclone.tlog\link.command.1.tlog
d:\projekti\bloxcraft\minecraftclone\x64\release\minecraftclone.tlog\link.read.1.tlog
d:\projekti\bloxcraft\minecraftclone\x64\release\minecraftclone.tlog\link.secondary.1.tlog
d:\projekti\bloxcraft\minecraftclone\x64\release\minecraftclone.tlog\link.write.1.tlog
